[INFO  - 2018-08-30T17:04:02.411Z] GhostDriver - Main - running on port 58610
[INFO  - 2018-08-30T17:04:02.975Z] Session [b2246c50-ac76-11e8-b001-e7c42a3fa6a0] - page.settings - {"XSSAuditingEnabled":false,"javascriptCanCloseWindows":true,"javascriptCanOpenWindows":true,"javascriptEnabled":true,"loadImages":true,"localToRemoteUrlAccessEnabled":false,"userAgent":"Mozilla/5.0 (Macintosh; Intel Mac OS X) AppleWebKit/538.1 (KHTML, like Gecko) PhantomJS/2.1.1 Safari/538.1","webSecurityEnabled":true}
[INFO  - 2018-08-30T17:04:02.975Z] Session [b2246c50-ac76-11e8-b001-e7c42a3fa6a0] - page.customHeaders:  - {}
[INFO  - 2018-08-30T17:04:02.976Z] Session [b2246c50-ac76-11e8-b001-e7c42a3fa6a0] - Session.negotiatedCapabilities - {"browserName":"phantomjs","version":"2.1.1","driverName":"ghostdriver","driverVersion":"1.2.0","platform":"mac-unknown-64bit","javascriptEnabled":true,"takesScreenshot":true,"handlesAlerts":false,"databaseEnabled":false,"locationContextEnabled":false,"applicationCacheEnabled":false,"browserConnectionEnabled":false,"cssSelectorsEnabled":true,"webStorageEnabled":false,"rotatable":false,"acceptSslCerts":false,"nativeEvents":true,"proxy":{"proxyType":"direct"}}
[INFO  - 2018-08-30T17:04:02.976Z] SessionManagerReqHand - _postNewSessionCommand - New Session Created: b2246c50-ac76-11e8-b001-e7c42a3fa6a0
[ERROR - 2018-08-30T17:04:08.284Z] Session [b2246c50-ac76-11e8-b001-e7c42a3fa6a0] - page.onError - msg: TypeError: Attempting to change enumerable attribute of unconfigurable property.

  phantomjs://platform/console++.js:263 in error
[ERROR - 2018-08-30T17:04:08.285Z] Session [b2246c50-ac76-11e8-b001-e7c42a3fa6a0] - page.onError - stack:
  defineProperty (https://dnevnik.mos.ru/vendor.9044c3a33adc2bfb94ba.js:50)
  V (https://dnevnik.mos.ru/vendor.9044c3a33adc2bfb94ba.js:50)
  (anonymous function) (https://dnevnik.mos.ru/main.9044c3a33adc2bfb94ba.bundle.js:7)
  t (https://dnevnik.mos.ru/vendor.9044c3a33adc2bfb94ba.js:1)
  i (https://dnevnik.mos.ru/main.9044c3a33adc2bfb94ba.bundle.js:1)
  map (:0)
  (anonymous function) (https://dnevnik.mos.ru/main.9044c3a33adc2bfb94ba.bundle.js:1)
  (anonymous function) (https://dnevnik.mos.ru/main.9044c3a33adc2bfb94ba.bundle.js:1)
  t (https://dnevnik.mos.ru/vendor.9044c3a33adc2bfb94ba.js:1)
  (anonymous function) (https://dnevnik.mos.ru/main.9044c3a33adc2bfb94ba.bundle.js:7)
  t (https://dnevnik.mos.ru/vendor.9044c3a33adc2bfb94ba.js:1)
  webpackJsonp (https://dnevnik.mos.ru/vendor.9044c3a33adc2bfb94ba.js:1)

  phantomjs://platform/console++.js:263 in error
[ERROR - 2018-08-30T17:04:08.300Z] Session [b2246c50-ac76-11e8-b001-e7c42a3fa6a0] - page.onError - msg: Error: [$injector:modulerr] Failed to instantiate module mrko2App due to:
[$injector:nomod] Module 'mrko2App' is not available! You either misspelled the module name or forgot to load it. If registering a module ensure that you specify the dependencies as the second argument.
http://errors.angularjs.org/1.5.8/$injector/nomod?p0=mrko2App
https://dnevnik.mos.ru/vendor.9044c3a33adc2bfb94ba.js:50:29515
n@https://dnevnik.mos.ru/vendor.9044c3a33adc2bfb94ba.js:50:9574
https://dnevnik.mos.ru/vendor.9044c3a33adc2bfb94ba.js:50:19400
https://dnevnik.mos.ru/vendor.9044c3a33adc2bfb94ba.js:50:34076
r@https://dnevnik.mos.ru/vendor.9044c3a33adc2bfb94ba.js:50:837
f@https://dnevnik.mos.ru/vendor.9044c3a33adc2bfb94ba.js:50:33923
tt@https://dnevnik.mos.ru/vendor.9044c3a33adc2bfb94ba.js:50:19298
o@https://dnevnik.mos.ru/vendor.9044c3a33adc2bfb94ba.js:50:8052
ie@https://dnevnik.mos.ru/vendor.9044c3a33adc2bfb94ba.js:50:8364
re@https://dnevnik.mos.ru/vendor.9044c3a33adc2bfb94ba.js:50:7608
https://dnevnik.mos.ru/vendor.9044c3a33adc2bfb94ba.js:50:167854
n@https://dnevnik.mos.ru/vendor.9044c3a33adc2bfb94ba.js:50:100454
qe@https://dnevnik.mos.ru/vendor.9044c3a33adc2bfb94ba.js:50:15348
n@https://dnevnik.mos.ru/vendor.9044c3a33adc2bfb94ba.js:50:15292
http://errors.angularjs.org/1.5.8/$injector/modulerr?p0=mrko2App&p1=%5B%24injector%3Anomod%5D%20Module%20'mrko2App'%20is%20not%20available!%20You%20either%20misspelled%20the%20module%20name%20or%20forgot%20to%20load%20it.%20If%20registering%20a%20module%20ensure%20that%20you%20specify%20the%20dependencies%20as%20the%20second%20argument.%0Ahttp%3A%2F%2Ferrors.angularjs.org%2F1.5.8%2F%24injector%2Fnomod%3Fp0%3Dmrko2App%0Ahttps%3A%2F%2Fdnevnik.mos.ru%2Fvendor.9044c3a33adc2bfb94ba.js%3A50%3A29515%0An%40https%3A%2F%2Fdnevnik.mos.ru%2Fvendor.9044c3a33adc2bfb94ba.js%3A50%3A9574%0Ahttps%3A%2F%2Fdnevnik.mos.ru%2Fvendor.9044c3a33adc2bfb94ba.js%3A50%3A19400%0Ahttps%3A%2F%2Fdnevnik.mos.ru%2Fvendor.9044c3a33adc2bfb94ba.js%3A50%3A34076%0Ar%40https%3A%2F%2Fdnevnik.mos.ru%2Fvendor.9044c3a33adc2bfb94ba.js%3A50%3A837%0Af%40https%3A%2F%2Fdnevnik.mos.ru%2Fvendor.9044c3a33adc2bfb94ba.js%3A50%3A33923%0Att%40https%3A%2F%2Fdnevnik.mos.ru%2Fvendor.9044c3a33adc2bfb94ba.js%3A50%3A19298%0Ao%40https%3A%2F%2Fdnevnik.mos.ru%2Fvendor.9044c3a33adc2bfb94ba.js%3A50%3A8052%0Aie%40https%3A%2F%2Fdnevnik.mos.ru%2Fvendor.9044c3a33adc2bfb94ba.js%3A50%3A8364%0Are%40https%3A%2F%2Fdnevnik.mos.ru%2Fvendor.9044c3a33adc2bfb94ba.js%3A50%3A7608%0Ahttps%3A%2F%2Fdnevnik.mos.ru%2Fvendor.9044c3a33adc2bfb94ba.js%3A50%3A167854%0An%40https%3A%2F%2Fdnevnik.mos.ru%2Fvendor.9044c3a33adc2bfb94ba.js%3A50%3A100454%0Aqe%40https%3A%2F%2Fdnevnik.mos.ru%2Fvendor.9044c3a33adc2bfb94ba.js%3A50%3A15348%0An%40https%3A%2F%2Fdnevnik.mos.ru%2Fvendor.9044c3a33adc2bfb94ba.js%3A50%3A15292

  phantomjs://platform/console++.js:263 in error
[ERROR - 2018-08-30T17:04:08.300Z] Session [b2246c50-ac76-11e8-b001-e7c42a3fa6a0] - page.onError - stack:
  (anonymous function) (https://dnevnik.mos.ru/vendor.9044c3a33adc2bfb94ba.js:50)
  r (https://dnevnik.mos.ru/vendor.9044c3a33adc2bfb94ba.js:50)
  f (https://dnevnik.mos.ru/vendor.9044c3a33adc2bfb94ba.js:50)
  tt (https://dnevnik.mos.ru/vendor.9044c3a33adc2bfb94ba.js:50)
  o (https://dnevnik.mos.ru/vendor.9044c3a33adc2bfb94ba.js:50)
  ie (https://dnevnik.mos.ru/vendor.9044c3a33adc2bfb94ba.js:50)
  re (https://dnevnik.mos.ru/vendor.9044c3a33adc2bfb94ba.js:50)
  (anonymous function) (https://dnevnik.mos.ru/vendor.9044c3a33adc2bfb94ba.js:50)
  n (https://dnevnik.mos.ru/vendor.9044c3a33adc2bfb94ba.js:50)
  qe (https://dnevnik.mos.ru/vendor.9044c3a33adc2bfb94ba.js:50)
  n (https://dnevnik.mos.ru/vendor.9044c3a33adc2bfb94ba.js:50)

  phantomjs://platform/console++.js:263 in error
[ERROR - 2018-08-30T17:04:08.344Z] Session [b2246c50-ac76-11e8-b001-e7c42a3fa6a0] - page.onError - msg: TypeError: undefined is not a constructor (evaluating 'head.append(scr)')

  phantomjs://platform/console++.js:263 in error
[ERROR - 2018-08-30T17:04:08.344Z] Session [b2246c50-ac76-11e8-b001-e7c42a3fa6a0] - page.onError - stack:
  (anonymous function) (https://stats.mos.ru/handler/handler.js?time=1535648648301:27)

  phantomjs://platform/console++.js:263 in error
